2025-01-15 09:12:03 | DEBUG    | trading_bot.client | BinanceFuturesClient initialised. Base URL: https://testnet.binancefuture.com
2025-01-15 09:12:03 | INFO     | trading_bot.cli | Order request | symbol=BTCUSDT side=BUY type=MARKET qty=0.001 price=None stopPrice=None
2025-01-15 09:12:03 | DEBUG    | trading_bot.client | REQUEST  POST https://testnet.binancefuture.com/fapi/v1/order | params: {"symbol": "BTCUSDT", "side": "BUY", "type": "MARKET", "quantity": "0.001", "timestamp": 1736933523412}
2025-01-15 09:12:04 | DEBUG    | trading_bot.client | RESPONSE POST https://testnet.binancefuture.com/fapi/v1/order | status: 200 | body: {"orderId":4028441504,"symbol":"BTCUSDT","status":"FILLED","clientOrderId":"web_rA8nX2pKzT9qL7mF","price":"0","avgPrice":"43218.50","origQty":"0.001","executedQty":"0.001","cumQty":"0.001","cumQuote":"43.21850","timeInForce":"GTC","type":"MARKET","reduceOnly":false,"closePosition":false,"side":"BUY","positionSide":"BOTH","stopPrice":"0","workingType":"CONTRACT_PRICE","priceProtect":false,"origType":"MARKET","updateTime":1736933524001}
2025-01-15 09:12:04 | INFO     | trading_bot.orders | MARKET order placed successfully | orderId=4028441504 status=FILLED executedQty=0.001
2025-01-15 09:14:37 | DEBUG    | trading_bot.client | BinanceFuturesClient initialised. Base URL: https://testnet.binancefuture.com
2025-01-15 09:14:37 | INFO     | trading_bot.cli | Order request | symbol=ETHUSDT side=SELL type=LIMIT qty=0.05 price=2550.00 stopPrice=None
2025-01-15 09:14:37 | DEBUG    | trading_bot.client | REQUEST  POST https://testnet.binancefuture.com/fapi/v1/order | params: {"symbol": "ETHUSDT", "side": "SELL", "type": "LIMIT", "quantity": "0.05", "price": "2550.00", "timeInForce": "GTC", "timestamp": 1736933677891}
2025-01-15 09:14:38 | DEBUG    | trading_bot.client | RESPONSE POST https://testnet.binancefuture.com/fapi/v1/order | status: 200 | body: {"orderId":1928374650,"symbol":"ETHUSDT","status":"NEW","clientOrderId":"web_Kc7dP3nRzX1wQ5vB","price":"2550.00","avgPrice":"0","origQty":"0.05","executedQty":"0","cumQty":"0","cumQuote":"0","timeInForce":"GTC","type":"LIMIT","reduceOnly":false,"closePosition":false,"side":"SELL","positionSide":"BOTH","stopPrice":"0","workingType":"CONTRACT_PRICE","priceProtect":false,"origType":"LIMIT","updateTime":1736933678102}
2025-01-15 09:14:38 | INFO     | trading_bot.orders | LIMIT order placed successfully | orderId=1928374650 status=NEW price=2550.00
2025-01-15 09:17:02 | DEBUG    | trading_bot.client | BinanceFuturesClient initialised. Base URL: https://testnet.binancefuture.com
2025-01-15 09:17:02 | INFO     | trading_bot.cli | Order request | symbol=BTCUSDT side=SELL type=STOP_MARKET qty=0.001 price=None stopPrice=58000
2025-01-15 09:17:02 | DEBUG    | trading_bot.client | REQUEST  POST https://testnet.binancefuture.com/fapi/v1/order | params: {"symbol": "BTCUSDT", "side": "SELL", "type": "STOP_MARKET", "quantity": "0.001", "stopPrice": "58000", "timestamp": 1736933822554}
2025-01-15 09:17:03 | DEBUG    | trading_bot.client | RESPONSE POST https://testnet.binancefuture.com/fapi/v1/order | status: 200 | body: {"orderId":3847291056,"symbol":"BTCUSDT","status":"NEW","clientOrderId":"web_Tm2hJ8kNvY4aX6cD","price":"0","avgPrice":"0","origQty":"0.001","executedQty":"0","cumQty":"0","cumQuote":"0","timeInForce":"GTC","type":"STOP_MARKET","reduceOnly":false,"closePosition":false,"side":"SELL","positionSide":"BOTH","stopPrice":"58000","workingType":"CONTRACT_PRICE","priceProtect":false,"origType":"STOP_MARKET","updateTime":1736933823009}
2025-01-15 09:17:03 | INFO     | trading_bot.orders | STOP_MARKET order placed successfully | orderId=3847291056 status=NEW
2025-01-15 09:22:18 | DEBUG    | trading_bot.client | BinanceFuturesClient initialised. Base URL: https://testnet.binancefuture.com
2025-01-15 09:22:18 | INFO     | trading_bot.cli | Order request | symbol=SOLUSDT side=BUY type=MARKET qty=0.5 price=None stopPrice=None
2025-01-15 09:22:18 | DEBUG    | trading_bot.client | REQUEST  POST https://testnet.binancefuture.com/fapi/v1/order | params: {"symbol": "SOLUSDT", "side": "BUY", "type": "MARKET", "quantity": "0.5", "timestamp": 1736934138774}
2025-01-15 09:22:19 | DEBUG    | trading_bot.client | RESPONSE POST https://testnet.binancefuture.com/fapi/v1/order | status: 200 | body: {"orderId":7654321098,"symbol":"SOLUSDT","status":"FILLED","clientOrderId":"web_Gp5sM1xWqE9rH3nU","price":"0","avgPrice":"98.43","origQty":"0.5","executedQty":"0.5","cumQty":"0.5","cumQuote":"49.21500","timeInForce":"GTC","type":"MARKET","reduceOnly":false,"closePosition":false,"side":"BUY","positionSide":"BOTH","stopPrice":"0","workingType":"CONTRACT_PRICE","priceProtect":false,"origType":"MARKET","updateTime":1736934139201}
2025-01-15 09:22:19 | INFO     | trading_bot.orders | MARKET order placed successfully | orderId=7654321098 status=FILLED executedQty=0.5
2025-01-15 09:25:44 | INFO     | trading_bot.cli | Order request | symbol=BTCUSDT side=BUY type=LIMIT qty=abc price=43000 stopPrice=None
2025-01-15 09:25:44 | ERROR    | trading_bot.cli | Validation failed: Invalid quantity 'abc': must be a numeric value.
2025-01-15 09:28:11 | DEBUG    | trading_bot.client | BinanceFuturesClient initialised. Base URL: https://testnet.binancefuture.com
2025-01-15 09:28:11 | INFO     | trading_bot.cli | Order request | symbol=BTCUSDT side=BUY type=LIMIT qty=0.002 price=41000.00 stopPrice=None
2025-01-15 09:28:11 | DEBUG    | trading_bot.client | REQUEST  POST https://testnet.binancefuture.com/fapi/v1/order | params: {"symbol": "BTCUSDT", "side": "BUY", "type": "LIMIT", "quantity": "0.002", "price": "41000.00", "timeInForce": "GTC", "timestamp": 1736934491338}
2025-01-15 09:28:12 | DEBUG    | trading_bot.client | RESPONSE POST https://testnet.binancefuture.com/fapi/v1/order | status: 200 | body: {"orderId":5039182746,"symbol":"BTCUSDT","status":"NEW","clientOrderId":"web_Lv6tN0oSzW8yK2bJ","price":"41000.00","avgPrice":"0","origQty":"0.002","executedQty":"0","cumQty":"0","cumQuote":"0","timeInForce":"GTC","type":"LIMIT","reduceOnly":false,"closePosition":false,"side":"BUY","positionSide":"BOTH","stopPrice":"0","workingType":"CONTRACT_PRICE","priceProtect":false,"origType":"LIMIT","updateTime":1736934492010}
2025-01-15 09:28:12 | INFO     | trading_bot.orders | LIMIT order placed successfully | orderId=5039182746 status=NEW price=41000.00
